<?xml version="1.0" encoding="UTF-8"?>
<testsuite xmlns:xsi="http://www.w3.org/2001/XMLSchema-instance" xsi:noNamespaceSchemaLocation="https://maven.apache.org/surefire/maven-surefire-plugin/xsd/surefire-test-report-3.0.xsd" version="3.0" name="org.Taha.AwesomePasswordCheckerTest" time="0.126" tests="6" errors="0" skipped="0" failures="0">
  <properties>
[...]
</properties>
  <testcase name="testgetInstanceWihtParam" classname="org.Taha.AwesomePasswordCheckerTest" time="0.095"/>
  <testcase name="testMaskAff_LowercaseLetters" classname="org.Taha.AwesomePasswordCheckerTest" time="0.001"/>
  <testcase name="testMaskAff_UppercaseLetters" classname="org.Taha.AwesomePasswordCheckerTest" time="0"/>
  <testcase name="testGetDistance2" classname="org.Taha.AwesomePasswordCheckerTest" time="0.001"/>
  <testcase name="testGetDistance" classname="org.Taha.AwesomePasswordCheckerTest" time="0"/>
  <testcase name="testgetInstanceTest" classname="org.Taha.AwesomePasswordCheckerTest" time="0"/>
</testsuite>